<?xml version="1.0"?>
<testsuites>
  <testsuite name="PhantomJS 1.9.8 (Windows 8)" package="unit" timestamp="2015-04-17T07:18:49" id="0" hostname="WIN-PP5BB4NJ5GK">
    <properties>
      <property name="browser.fullName" value="Mozilla/5.0 (Windows NT 6.2; WOW64) AppleWebKit/534.34 (KHTML, like Gecko) PhantomJS/1.9.8 Safari/534.34"/>
    </properties>
  </testsuite>
  <testsuite name="PhantomJS 1.9.8 (Windows 8)" package="unit" timestamp="2015-04-17T07:18:49" id="0" hostname="WIN-PP5BB4NJ5GK" tests="10" errors="0" failures="0" time="0.009">
    <properties>
      <property name="browser.fullName" value="Mozilla/5.0 (Windows NT 6.2; WOW64) AppleWebKit/534.34 (KHTML, like Gecko) PhantomJS/1.9.8 Safari/534.34"/>
    </properties>
    <testcase name="Should exist callRestService function to load any rest request" time="0.002" classname="unit PhantomJS 1.9.8 (Windows 8).NavExercise-master unit test Services"/>
    <testcase name="Should exist HUGE navigation controller" time="0.001" classname="unit PhantomJS 1.9.8 (Windows 8).NavExercise-master unit test Huge navigation controller (Render data)"/>
    <testcase name="Should exist HUGE navigation loadNavigationData" time="0" classname="unit PhantomJS 1.9.8 (Windows 8).NavExercise-master unit test Huge navigation controller (Render data)"/>
    <testcase name="Should exist render navigation html method" time="0.001" classname="unit PhantomJS 1.9.8 (Windows 8).NavExercise-master unit test Huge navigation controller (Render data)"/>
    <testcase name="Should exist html sub menu generator method" time="0.001" classname="unit PhantomJS 1.9.8 (Windows 8).NavExercise-master unit test Huge navigation controller (Render data)"/>
    <testcase name="Should return string length 0 if  sub menu generator parameter is empty" time="0" classname="unit PhantomJS 1.9.8 (Windows 8).NavExercise-master unit test Huge navigation controller (Render data)"/>
    <testcase name="Should return string length greater than 0 if  sub menu generator parameter is not empty" time="0.001" classname="unit PhantomJS 1.9.8 (Windows 8).NavExercise-master unit test Huge navigation controller (Render data)"/>
    <testcase name="should call the rest services doing a fake" time="0.002" classname="unit PhantomJS 1.9.8 (Windows 8).NavExercise-master unit test Huge navigation controller (Render data)"/>
    <testcase name="Should exist on click navigation event" time="0.001" classname="unit PhantomJS 1.9.8 (Windows 8).NavExercise-master unit test HUGE navigation controller events"/>
    <testcase name="Should exist openUrl method in the controller" time="0" classname="unit PhantomJS 1.9.8 (Windows 8).NavExercise-master unit test HUGE navigation controller events"/>
    <system-out><![CDATA[
]]></system-out>
    <system-err/>
  </testsuite>
</testsuites>
